[0m18:01:27.240322 [debug] [MainThread]: Sending event: {'category': 'dbt', 'action': 'invocation', 'label': 'start', 'context': [<snowplow_tracker.self_describing_json.SelfDescribingJson object at 0x00000296051B6510>, <snowplow_tracker.self_describing_json.SelfDescribingJson object at 0x00000296051B5FD0>, <snowplow_tracker.self_describing_json.SelfDescribingJson object at 0x00000296051B5710>]}


============================== 18:01:27.248860 | 53d7fc59-91fc-4494-a567-9c7b0e2bc21b ==============================
[0m18:01:27.248860 [info ] [MainThread]: Running with dbt=1.11.12
[0m18:01:27.249856 [debug] [MainThread]: running dbt with arguments {'version_check': 'True', 'no_print': 'None', 'static_parser': 'True', 'warn_error_options': 'WarnErrorOptionsV2(error=[], warn=[], silence=[])', 'target_path': 'None', 'printer_width': '80', 'write_json': 'True', 'introspect': 'True', 'log_cache_events': 'False', 'empty': 'None', 'cache_selected_only': 'False', 'fail_fast': 'False', 'debug': 'False', 'log_format': 'default', 'profiles_dir': 'C:\\Users\\karin\\.dbt', 'send_anonymous_usage_stats': 'True', 'quiet': 'False', 'warn_error': 'None', 'partial_parse': 'True', 'use_colors': 'True', 'invocation_command': 'dbt init dbt', 'indirect_selection': 'eager', 'use_experimental_parser': 'False', 'log_path': 'logs'}
[0m18:01:27.287929 [info ] [MainThread]: Creating dbt configuration folder at C:\Users\karin\.dbt
[0m18:02:29.459131 [debug] [MainThread]: Starter project path: C:\Users\karin\AppData\Local\Programs\Python\Python311\Lib\site-packages\dbt\include\starter_project
[0m18:02:29.608161 [info ] [MainThread]: 
Your new dbt project "dw_chicago" was created!

For more information on how to configure the profiles.yml file,
please consult the dbt documentation here:

  https://docs.getdbt.com/docs/configure-your-profile

One more thing:

Need help? Don't hesitate to reach out to us via GitHub issues or on Slack:

  https://community.getdbt.com/

Happy modeling!

[0m18:02:29.609169 [info ] [MainThread]: Setting up your profile.
[0m18:04:47.259511 [info ] [MainThread]: Profile dw_chicago written to C:\Users\karin\.dbt\profiles.yml using target's profile_template.yml and your supplied values. Run 'dbt debug' to validate the connection.
[0m18:04:47.263839 [debug] [MainThread]: Command `dbt init` succeeded at 18:04:47.263839 after 200.15 seconds
[0m18:04:47.265851 [debug] [MainThread]: Sending event: {'category': 'dbt', 'action': 'invocation', 'label': 'end', 'context': [<snowplow_tracker.self_describing_json.SelfDescribingJson object at 0x000002967E6D8350>, <snowplow_tracker.self_describing_json.SelfDescribingJson object at 0x000002960517E410>, <snowplow_tracker.self_describing_json.SelfDescribingJson object at 0x000002967E3D6750>]}
[0m18:04:47.266890 [debug] [MainThread]: Flushing usage events
[0m18:04:48.613671 [debug] [MainThread]: An error was encountered while trying to flush usage events
[0m18:05:04.223945 [debug] [MainThread]: Sending event: {'category': 'dbt', 'action': 'invocation', 'label': 'start', 'context': [<snowplow_tracker.self_describing_json.SelfDescribingJson object at 0x000001D5DFA2E510>, <snowplow_tracker.self_describing_json.SelfDescribingJson object at 0x000001D5DF9FBB90>, <snowplow_tracker.self_describing_json.SelfDescribingJson object at 0x000001D5DF7A5250>]}


============================== 18:05:04.229568 | be88edb4-c1e3-4850-bad9-0515922c3d07 ==============================
[0m18:05:04.229568 [info ] [MainThread]: Running with dbt=1.11.12
[0m18:05:04.230571 [debug] [MainThread]: running dbt with arguments {'static_parser': 'True', 'no_print': 'None', 'version_check': 'True', 'target_path': 'None', 'warn_error_options': 'WarnErrorOptionsV2(error=[], warn=[], silence=[])', 'printer_width': '80', 'write_json': 'True', 'empty': 'None', 'log_cache_events': 'False', 'introspect': 'True', 'cache_selected_only': 'False', 'log_format': 'default', 'debug': 'False', 'fail_fast': 'False', 'profiles_dir': 'C:\\Users\\karin\\.dbt', 'send_anonymous_usage_stats': 'True', 'quiet': 'False', 'warn_error': 'None', 'partial_parse': 'True', 'invocation_command': 'dbt debug', 'use_colors': 'True', 'indirect_selection': 'eager', 'use_experimental_parser': 'False', 'log_path': 'logs'}
[0m18:05:04.265438 [info ] [MainThread]: dbt version: 1.11.12
[0m18:05:04.266989 [info ] [MainThread]: python version: 3.11.9
[0m18:05:04.267997 [info ] [MainThread]: python path: C:\Users\karin\AppData\Local\Programs\Python\Python311\python.exe
[0m18:05:04.267997 [info ] [MainThread]: os info: Windows-10-10.0.26200-SP0
[0m18:05:04.368965 [info ] [MainThread]: Using profiles dir at C:\Users\karin\.dbt
[0m18:05:04.369966 [info ] [MainThread]: Using profiles.yml file at C:\Users\karin\.dbt\profiles.yml
[0m18:05:04.373127 [info ] [MainThread]: Using dbt_project.yml file at C:\Users\karin\Downloads\projeto_dw\dbt_project.yml
[0m18:05:04.376646 [info ] [MainThread]: adapter type: postgres
[0m18:05:04.378687 [info ] [MainThread]: adapter version: 1.10.2
[0m18:05:04.380901 [info ] [MainThread]: Configuration:
[0m18:05:04.381898 [info ] [MainThread]:   profiles.yml file [[32mOK found and valid[0m]
[0m18:05:04.383319 [info ] [MainThread]:   dbt_project.yml file [[31mERROR not found[0m]
[0m18:05:04.384577 [info ] [MainThread]: Required dependencies:
[0m18:05:04.385697 [debug] [MainThread]: Executing "git --help"
[0m18:05:04.459952 [debug] [MainThread]: STDOUT: "b"usage: git [-v | --version] [-h | --help] [-C <path>] [-c <name>=<value>]\n           [--exec-path[=<path>]] [--html-path] [--man-path] [--info-path]\n           [-p | --paginate | -P | --no-pager] [--no-replace-objects] [--no-lazy-fetch]\n           [--no-optional-locks] [--no-advice] [--bare] [--git-dir=<path>]\n           [--work-tree=<path>] [--namespace=<name>] [--config-env=<name>=<envvar>]\n           <command> [<args>]\n\nThese are common Git commands used in various situations:\n\nstart a working area (see also: git help tutorial)\n   clone      Clone a repository into a new directory\n   init       Create an empty Git repository or reinitialize an existing one\n\nwork on the current change (see also: git help everyday)\n   add        Add file contents to the index\n   mv         Move or rename a file, a directory, or a symlink\n   restore    Restore working tree files\n   rm         Remove files from the working tree and from the index\n\nexamine the history and state (see also: git help revisions)\n   bisect     Use binary search to find the commit that introduced a bug\n   diff       Show changes between commits, commit and working tree, etc\n   grep       Print lines matching a pattern\n   log        Show commit logs\n   show       Show various types of objects\n   status     Show the working tree status\n\ngrow, mark and tweak your common history\n   backfill   Download missing objects in a partial clone\n   branch     List, create, or delete branches\n   commit     Record changes to the repository\n   merge      Join two or more development histories together\n   rebase     Reapply commits on top of another base tip\n   reset      Reset current HEAD to the specified state\n   switch     Switch branches\n   tag        Create, list, delete or verify a tag object signed with GPG\n\ncollaborate (see also: git help workflows)\n   fetch      Download objects and refs from another repository\n   pull       Fetch from and integrate with another repository or a local branch\n   push       Update remote refs along with associated objects\n\n'git help -a' and 'git help -g' list available subcommands and some\nconcept guides. See 'git help <command>' or 'git help <concept>'\nto read about a specific subcommand or concept.\nSee 'git help git' for an overview of the system.\n""
[0m18:05:04.461253 [debug] [MainThread]: STDERR: "b''"
[0m18:05:04.462254 [info ] [MainThread]:  - git [[32mOK found[0m]

[0m18:05:04.463256 [info ] [MainThread]: Connection:
[0m18:05:04.464266 [info ] [MainThread]:   host: localhost
[0m18:05:04.464266 [info ] [MainThread]:   port: 5432
[0m18:05:04.465255 [info ] [MainThread]:   user: postgres
[0m18:05:04.465255 [info ] [MainThread]:   database: dw_chicago
[0m18:05:04.466772 [info ] [MainThread]:   schema: dw
[0m18:05:04.466772 [info ] [MainThread]:   connect_timeout: 10
[0m18:05:04.467899 [info ] [MainThread]:   role: None
[0m18:05:04.468897 [info ] [MainThread]:   search_path: None
[0m18:05:04.469987 [info ] [MainThread]:   keepalives_idle: 0
[0m18:05:04.469987 [info ] [MainThread]:   sslmode: None
[0m18:05:04.470986 [info ] [MainThread]:   sslcert: None
[0m18:05:04.472832 [info ] [MainThread]:   sslkey: None
[0m18:05:04.475107 [info ] [MainThread]:   sslrootcert: None
[0m18:05:04.476620 [info ] [MainThread]:   application_name: dbt
[0m18:05:04.476620 [info ] [MainThread]:   retries: 1
[0m18:05:04.477987 [info ] [MainThread]: Registered adapter: postgres=1.10.2
[0m18:05:04.827285 [debug] [MainThread]: Acquiring new postgres connection 'debug'
[0m18:05:08.097020 [debug] [MainThread]: Using postgres connection "debug"
[0m18:05:08.098033 [debug] [MainThread]: On debug: select 1 as id
[0m18:05:08.098033 [debug] [MainThread]: Opening a new connection, currently in state init
[0m18:05:08.235113 [debug] [MainThread]: SQL status: SELECT 1 in 0.136 seconds
[0m18:05:08.236632 [debug] [MainThread]: On debug: Close
[0m18:05:08.237644 [info ] [MainThread]:   Connection test: [[32mOK connection ok[0m]

[0m18:05:08.240123 [info ] [MainThread]: [31m1 check failed:[0m
[0m18:05:08.241107 [info ] [MainThread]: Project loading failed for the following reason:
 project path <C:\Users\karin\Downloads\projeto_dw\dbt_project.yml> not found

[0m18:05:08.242104 [debug] [MainThread]: Command `dbt debug` failed at 18:05:08.242104 after 4.19 seconds
[0m18:05:08.243268 [debug] [MainThread]: Connection 'debug' was properly closed.
[0m18:05:08.244329 [debug] [MainThread]: Sending event: {'category': 'dbt', 'action': 'invocation', 'label': 'end', 'context': [<snowplow_tracker.self_describing_json.SelfDescribingJson object at 0x000001D5D8C666D0>, <snowplow_tracker.self_describing_json.SelfDescribingJson object at 0x000001D5E10C4150>, <snowplow_tracker.self_describing_json.SelfDescribingJson object at 0x000001D5E10C4190>]}
[0m18:05:08.245313 [debug] [MainThread]: Flushing usage events
[0m18:05:09.199433 [debug] [MainThread]: An error was encountered while trying to flush usage events
